SF:lib\core\local\session_manager\session_manager.dart
DA:7,0
DA:10,0
DA:14,0
DA:20,0
DA:21,0
DA:24,0
DA:25,0
DA:28,0
DA:29,0
DA:32,0
DA:33,0
DA:34,0
DA:38,0
DA:39,0
LF:14
LH:0
end_of_record
SF:lib\core\local\session_manager\session_manager.g.dart
DA:9,0
DA:13,0
LF:2
LH:0
end_of_record
SF:lib\core\data\sources\remote\advices\api_advices.dart
DA:14,0
DA:16,0
DA:17,0
DA:19,0
DA:26,0
DA:33,0
DA:34,0
DA:36,0
DA:40,0
DA:45,0
DA:46,0
DA:48,0
DA:50,0
DA:51,0
DA:54,0
DA:55,0
DA:56,0
DA:59,0
LF:18
LH:0
end_of_record
SF:lib\core\data\sources\remote\advices\api_advices.g.dart
DA:9,0
DA:13,0
LF:2
LH:0
end_of_record
SF:lib\core\utils\json_reader.dart
DA:3,0
LF:1
LH:0
end_of_record
SF:lib\core\api_client.dart
DA:9,0
DA:16,0
DA:19,0
DA:24,0
DA:29,0
DA:30,0
DA:31,0
DA:36,0
DA:42,0
DA:48,0
DA:49,0
DA:55,0
DA:61,0
DA:67,0
DA:69,0
DA:75,0
DA:81,0
DA:87,0
DA:89,0
DA:95,0
DA:101,0
DA:107,0
DA:109,0
DA:115,0
DA:122,0
DA:126,0
DA:127,0
DA:128,0
DA:130,0
DA:131,0
DA:136,0
DA:137,0
LF:32
LH:0
end_of_record
SF:lib\core\api_client_exception.dart
DA:5,0
DA:20,0
DA:22,0
LF:3
LH:0
end_of_record
SF:lib\core\core.dart
DA:16,0
DA:18,0
LF:2
LH:0
end_of_record
SF:lib\core\theme\app_gap.dart
DA:9,0
DA:11,0
DA:12,0
DA:13,0
DA:14,0
DA:15,0
DA:16,0
DA:17,0
DA:18,0
DA:24,0
DA:26,0
DA:28,0
DA:30,0
DA:32,0
DA:34,0
DA:36,0
DA:38,0
DA:42,0
DA:44,0
DA:45,0
DA:46,0
DA:50,0
DA:55,0
DA:57,0
DA:59,0
DA:61,0
DA:63,0
DA:65,0
DA:67,0
DA:69,0
DA:73,0
DA:75,0
DA:76,0
DA:77,0
DA:81,0
LF:35
LH:0
end_of_record
SF:lib\core\widget\inputs\app_date_textformfield.dart
DA:6,0
DA:42,0
DA:44,0
DA:45,0
DA:46,0
DA:47,0
DA:48,0
DA:49,0
DA:50,0
DA:51,0
DA:52,0
DA:53,0
DA:57,0
DA:58,0
DA:59,0
DA:61,0
DA:62,0
DA:63,0
DA:65,0
DA:66,0
DA:68,0
DA:70,0
DA:71,0
DA:72,0
DA:73,0
DA:74,0
DA:76,0
DA:77,0
DA:78,0
DA:79,0
DA:85,0
DA:86,0
DA:88,0
DA:89,0
DA:90,0
DA:93,0
DA:96,0
DA:98,0
DA:100,0
LF:39
LH:0
end_of_record
SF:lib\core\widget\inputs\app_textformfield.dart
DA:6,0
DA:43,0
DA:45,0
DA:46,0
DA:47,0
DA:48,0
DA:49,0
DA:50,0
DA:51,0
DA:52,0
DA:56,0
DA:57,0
DA:58,0
DA:60,0
DA:61,0
DA:62,0
DA:64,0
DA:65,0
DA:67,0
DA:69,0
DA:70,0
DA:71,0
DA:72,0
DA:73,0
DA:75,0
DA:76,0
DA:77,0
DA:78,0
DA:81,0
DA:82,0
DA:83,0
DA:84,0
DA:85,0
DA:86,0
DA:87,0
DA:91,0
DA:92,0
DA:93,0
DA:95,0
DA:96,0
DA:97,0
DA:99,0
DA:100,0
DA:102,0
DA:104,0
DA:105,0
DA:106,0
DA:107,0
DA:108,0
DA:110,0
DA:111,0
DA:112,0
DA:113,0
LF:53
LH:0
end_of_record
SF:lib\core\l10n\l10n.dart
DA:7,0
LF:1
LH:0
end_of_record
SF:lib\core\data\entities\advice\advice.dart
DA:16,0
LF:1
LH:0
end_of_record
SF:lib\core\data\entities\advice\advice.g.dart
DA:9,0
DA:10,0
DA:11,0
DA:12,0
DA:13,0
DA:14,0
DA:17,0
DA:18,0
DA:19,0
DA:20,0
DA:21,0
DA:22,0
DA:23,0
LF:13
LH:0
end_of_record
SF:lib\core\data\entities\advice\advices.dart
DA:14,0
DA:15,0
LF:2
LH:0
end_of_record
SF:lib\core\data\entities\advice\advices.g.dart
DA:9,0
DA:10,0
DA:11,0
DA:12,0
DA:13,0
DA:14,0
DA:17,0
DA:18,0
DA:19,0
DA:20,0
LF:10
LH:0
end_of_record
SF:lib\core\local\session_manager\secure_storage_keys.dart
DA:2,0
LF:1
LH:0
end_of_record
SF:lib\core\l10n\core_localizations.dart
DA:63,0
DA:67,0
DA:68,0
DA:578,1
DA:580,0
DA:582,0
DA:585,0
DA:586,0
DA:588,0
DA:592,0
DA:596,0
DA:597,0
DA:598,0
DA:601,0
LF:14
LH:1
end_of_record
SF:lib\core\l10n\core_localizations_en.dart
DA:5,0
DA:7,0
DA:10,0
DA:13,0
DA:16,0
DA:19,0
DA:22,0
DA:25,0
DA:28,0
DA:31,0
DA:34,0
DA:37,0
DA:40,0
DA:43,0
DA:46,0
DA:49,0
DA:52,0
DA:55,0
DA:58,0
DA:61,0
DA:64,0
DA:67,0
DA:70,0
DA:73,0
DA:76,0
DA:79,0
DA:82,0
DA:85,0
DA:88,0
DA:91,0
DA:94,0
DA:97,0
DA:100,0
DA:103,0
DA:106,0
DA:109,0
DA:112,0
DA:115,0
DA:118,0
DA:121,0
DA:124,0
DA:127,0
DA:130,0
DA:133,0
DA:136,0
DA:139,0
DA:142,0
DA:145,0
DA:148,0
DA:151,0
DA:154,0
DA:157,0
DA:160,0
DA:163,0
DA:166,0
DA:169,0
DA:172,0
DA:175,0
DA:178,0
DA:181,0
DA:184,0
DA:187,0
DA:190,0
DA:193,0
DA:196,0
DA:199,0
DA:202,0
DA:205,0
DA:208,0
DA:211,0
DA:214,0
DA:217,0
DA:220,0
DA:223,0
DA:226,0
DA:229,0
DA:232,0
DA:235,0
DA:238,0
DA:241,0
DA:244,0
LF:81
LH:0
end_of_record
SF:lib\core\l10n\core_localizations_fr.dart
DA:5,0
DA:7,0
DA:10,0
DA:13,0
DA:16,0
DA:19,0
DA:22,0
DA:25,0
DA:28,0
DA:31,0
DA:34,0
DA:37,0
DA:40,0
DA:43,0
DA:46,0
DA:49,0
DA:52,0
DA:55,0
DA:58,0
DA:61,0
DA:64,0
DA:67,0
DA:70,0
DA:73,0
DA:76,0
DA:79,0
DA:82,0
DA:85,0
DA:88,0
DA:91,0
DA:94,0
DA:97,0
DA:100,0
DA:103,0
DA:106,0
DA:109,0
DA:112,0
DA:115,0
DA:118,0
DA:121,0
DA:124,0
DA:127,0
DA:130,0
DA:133,0
DA:136,0
DA:139,0
DA:142,0
DA:145,0
DA:148,0
DA:151,0
DA:154,0
DA:157,0
DA:160,0
DA:163,0
DA:166,0
DA:169,0
DA:172,0
DA:175,0
DA:178,0
DA:181,0
DA:184,0
DA:187,0
DA:190,0
DA:193,0
DA:196,0
DA:199,0
DA:202,0
DA:205,0
DA:208,0
DA:211,0
DA:214,0
DA:217,0
DA:220,0
DA:223,0
DA:226,0
DA:229,0
DA:232,0
DA:235,0
DA:238,0
DA:241,0
DA:244,0
LF:81
LH:0
end_of_record
SF:lib\core\theme\app_spacing.dart
DA:8,0
DA:9,0
DA:26,0
LF:3
LH:0
end_of_record
